<html>
<head>
<title>TestNG:  Test</title>
<link href="../testng.css" rel="stylesheet" type="text/css" />
<link href="../my-testng.css" rel="stylesheet" type="text/css" />

<style type="text/css">
.log { display: none;} 
.stack-trace { display: none;} 
</style>
<script type="text/javascript">
<!--
function flip(e) {
  current = e.style.display;
  if (current == 'block') {
    e.style.display = 'none';
    return 0;
  }
  else {
    e.style.display = 'block';
    return 1;
  }
}

function toggleBox(szDivId, elem, msg1, msg2)
{
  var res = -1;  if (document.getElementById) {
    res = flip(document.getElementById(szDivId));
  }
  else if (document.all) {
    // this is the way old msie versions work
    res = flip(document.all[szDivId]);
  }
  if(elem) {
    if(res == 0) elem.innerHTML = msg1; else elem.innerHTML = msg2;
  }

}

function toggleAllBoxes() {
  if (document.getElementsByTagName) {
    d = document.getElementsByTagName('div');
    for (i = 0; i < d.length; i++) {
      if (d[i].className == 'log') {
        flip(d[i]);
      }
    }
  }
}

// -->
</script>

</head>
<body>
<h2 align='center'>Test</h2><table border='1' align="center">
<tr>
<td>Tests passed/Failed/Skipped:</td><td>6/1/0</td>
</tr><tr>
<td>Started on:</td><td>Thu Jun 30 15:08:40 IST 2022</td>
</tr>
<tr><td>Total time:</td><td>33 seconds (33976 ms)</td>
</tr><tr>
<td>Included groups:</td><td></td>
</tr><tr>
<td>Excluded groups:</td><td></td>
</tr>
</table><p/>
<small><i>(Hover the method name to see the test class name)</i></small><p/>
<table width='100%' border='1' class='invocation-failed'>
<tr><td colspan='4' align='center'><b>FAILED TESTS</b></td></tr>
<tr><td><b>Test method</b></td>
<td width="30%"><b>Exception</b></td>
<td width="10%"><b>Time (seconds)</b></td>
<td><b>Instance</b></td>
</tr>
<tr>
<td title='testjava.LoginPageTest.verifyTitle()'><b>verifyTitle</b><br>Test class: testjava.LoginPageTest</td>
<td><div><pre>java.lang.AssertionError: expected [OrangeHRMa] but found [OrangeHRM]
	at testjava.LoginPageTest.verifyTitle(LoginPageTest.java:24)
	at java.base/java.util.ArrayList.forEach(ArrayList.java:1511)
... Removed 36 stack frames</pre></div><a href='#' onClick='toggleBox("stack-trace613630562", this, "Click to show all stack frames", "Click to hide stack frames")'>Click to show all stack frames</a>
<div class='stack-trace' id='stack-trace613630562'><pre>java.lang.AssertionError: expected [OrangeHRMa] but found [OrangeHRM]
	at org.testng.Assert.fail(Assert.java:97)
	at org.testng.Assert.assertEqualsImpl(Assert.java:136)
	at org.testng.Assert.assertEquals(Assert.java:118)
	at org.testng.Assert.assertEquals(Assert.java:575)
	at org.testng.Assert.assertEquals(Assert.java:585)
	at testjava.LoginPageTest.verifyTitle(LoginPageTest.java:24)
	at java.base/jdk.internal.reflect.NativeMethodAccessorImpl.invoke0(Native Method)
	at java.base/jdk.internal.reflect.NativeMethodAccessorImpl.invoke(NativeMethodAccessorImpl.java:77)
	at java.base/jdk.internal.reflect.DelegatingMethodAccessorImpl.invoke(DelegatingMethodAccessorImpl.java:43)
	at java.base/java.lang.reflect.Method.invoke(Method.java:568)
	at org.testng.internal.MethodInvocationHelper.invokeMethod(MethodInvocationHelper.java:134)
	at org.testng.internal.TestInvoker.invokeMethod(TestInvoker.java:597)
	at org.testng.internal.TestInvoker.invokeTestMethod(TestInvoker.java:173)
	at org.testng.internal.MethodRunner.runInSequence(MethodRunner.java:46)
	at org.testng.internal.TestInvoker$MethodInvocationAgent.invoke(TestInvoker.java:816)
	at org.testng.internal.TestInvoker.invokeTestMethods(TestInvoker.java:146)
	at org.testng.internal.TestMethodWorker.invokeTestMethods(TestMethodWorker.java:146)
	at org.testng.internal.TestMethodWorker.run(TestMethodWorker.java:128)
	at java.base/java.util.ArrayList.forEach(ArrayList.java:1511)
	at org.testng.TestRunner.privateRun(TestRunner.java:766)
	at org.testng.TestRunner.run(TestRunner.java:587)
	at org.testng.SuiteRunner.runTest(SuiteRunner.java:384)
	at org.testng.SuiteRunner.runSequentially(SuiteRunner.java:378)
	at org.testng.SuiteRunner.privateRun(SuiteRunner.java:337)
	at org.testng.SuiteRunner.run(SuiteRunner.java:286)
	at org.testng.SuiteRunnerWorker.runSuite(SuiteRunnerWorker.java:53)
	at org.testng.SuiteRunnerWorker.run(SuiteRunnerWorker.java:96)
	at org.testng.TestNG.runSuitesSequentially(TestNG.java:1187)
	at org.testng.TestNG.runSuitesLocally(TestNG.java:1109)
	at org.testng.TestNG.runSuites(TestNG.java:1039)
	at org.testng.TestNG.run(TestNG.java:1007)
	at org.apache.maven.surefire.testng.TestNGExecutor.run(TestNGExecutor.java:284)
	at org.apache.maven.surefire.testng.TestNGXmlTestSuite.execute(TestNGXmlTestSuite.java:75)
	at org.apache.maven.surefire.testng.TestNGProvider.invoke(TestNGProvider.java:119)
	at org.apache.maven.surefire.booter.ForkedBooter.runSuitesInProcess(ForkedBooter.java:428)
	at org.apache.maven.surefire.booter.ForkedBooter.execute(ForkedBooter.java:162)
	at org.apache.maven.surefire.booter.ForkedBooter.run(ForkedBooter.java:562)
	at org.apache.maven.surefire.booter.ForkedBooter.main(ForkedBooter.java:548)
</pre></div></td>
<td>0</td>
<td>testjava.LoginPageTest@5a59ca5e</td></tr>
</table><p>
<table width='100%' border='1' class='invocation-passed'>
<tr><td colspan='4' align='center'><b>PASSED TESTS</b></td></tr>
<tr><td><b>Test method</b></td>
<td width="30%"><b>Exception</b></td>
<td width="10%"><b>Time (seconds)</b></td>
<td><b>Instance</b></td>
</tr>
<tr>
<td title='testjava.LoginPageTest.verifyLogin()'><b>verifyLogin</b><br>Test class: testjava.LoginPageTest<br>Parameters: Admin, dfae<br/>
<a href="#Output-1937618936" onClick='toggleBox("Output-1937618936", this, "Show output", "Hide output");'>Show output</a>

<a href="#Output-1937618936" onClick="toggleAllBoxes();">Show all outputs</a>
<div class='log' id="Output-1937618936">
Verify Login with Correct cre<br/>
</div>
</td>
<td></td>
<td>4</td>
<td>testjava.LoginPageTest@5a59ca5e</td></tr>
<tr>
<td title='testjava.LoginPageTest.verifyLogin()'><b>verifyLogin</b><br>Test class: testjava.LoginPageTest<br>Parameters: Admin, dfsasdf<br/>
<a href="#Output-242659479" onClick='toggleBox("Output-242659479", this, "Show output", "Hide output");'>Show output</a>

<a href="#Output-242659479" onClick="toggleAllBoxes();">Show all outputs</a>
<div class='log' id="Output-242659479">
Verify Login with Correct cre<br/>
</div>
</td>
<td></td>
<td>4</td>
<td>testjava.LoginPageTest@5a59ca5e</td></tr>
<tr>
<td title='testjava.LoginPageTest.verifyLogin()'><b>verifyLogin</b><br>Test class: testjava.LoginPageTest<br>Parameters: Admin, sdvfsd<br/>
<a href="#Output-64068997" onClick='toggleBox("Output-64068997", this, "Show output", "Hide output");'>Show output</a>

<a href="#Output-64068997" onClick="toggleAllBoxes();">Show all outputs</a>
<div class='log' id="Output-64068997">
Verify Login with Correct cre<br/>
</div>
</td>
<td></td>
<td>4</td>
<td>testjava.LoginPageTest@5a59ca5e</td></tr>
<tr>
<td title='testjava.LoginPageTest.verifyLogin()'><b>verifyLogin</b><br>Test class: testjava.LoginPageTest<br>Parameters: asfdsaf, admin123<br/>
<a href="#Output-1764604500" onClick='toggleBox("Output-1764604500", this, "Show output", "Hide output");'>Show output</a>

<a href="#Output-1764604500" onClick="toggleAllBoxes();">Show all outputs</a>
<div class='log' id="Output-1764604500">
Verify Login with Correct cre<br/>
</div>
</td>
<td></td>
<td>4</td>
<td>testjava.LoginPageTest@5a59ca5e</td></tr>
<tr>
<td title='testjava.LoginPageTest.verifyLogin()'><b>verifyLogin</b><br>Test class: testjava.LoginPageTest<br>Parameters: Admin, admin123<br/>
<a href="#Output-213095762" onClick='toggleBox("Output-213095762", this, "Show output", "Hide output");'>Show output</a>

<a href="#Output-213095762" onClick="toggleAllBoxes();">Show all outputs</a>
<div class='log' id="Output-213095762">
Verify Login with Correct cre<br/>
</div>
</td>
<td></td>
<td>6</td>
<td>testjava.LoginPageTest@5a59ca5e</td></tr>
<tr>
<td title='testjava.LoginPageTest.verifyURL()'><b>verifyURL</b><br>Test class: testjava.LoginPageTest</td>
<td></td>
<td>0</td>
<td>testjava.LoginPageTest@5a59ca5e</td></tr>
</table><p>
</body>
</html>